2024-09-16T08:46:09.947Z [info]: Server is running on port 3333
2024-09-16T09:00:28.826Z [info]: OPTIONS /login 204 6ms
2024-09-16T09:00:32.125Z [info]: POST /login 200 3293ms
2024-09-16T09:00:32.227Z [info]: OPTIONS /v1/dashboard/7 204 1ms
2024-09-16T09:00:32.661Z [info]: OPTIONS /validate 204 1ms
2024-09-16T09:00:35.245Z [info]: POST /validate 200 2582ms
2024-09-16T09:00:37.242Z [info]: GET /v1/dashboard/7 200 1921ms
2024-09-16T09:00:41.848Z [info]: OPTIONS /v1/stores/?page=0&q= 204 1ms
2024-09-16T09:00:42.932Z [info]: GET /v1/stores/?page=0&q= 200 1081ms
2024-09-16T09:00:45.651Z [info]: OPTIONS /v1/products/?page=0&q= 204 1ms
2024-09-16T09:00:46.762Z [info]: GET /v1/products/?page=0&q= 304 1105ms
2024-09-16T09:00:48.741Z [info]: OPTIONS /v1/users/?page=0&q= 204 1ms
2024-09-16T09:00:50.124Z [info]: GET /v1/users/?page=0&q= 200 1378ms
2024-09-16T09:00:55.229Z [info]: OPTIONS /v1/stores/?page=0&q= 204 1ms
2024-09-16T09:00:56.201Z [info]: GET /v1/stores/?page=0&q= 304 958ms
2024-09-16T09:01:00.567Z [info]: OPTIONS /v1/users/eecc4ce9-d4db-436c-9e69-8688a5830be9 204 1ms
2024-09-16T09:01:01.484Z [info]: PUT /v1/users/eecc4ce9-d4db-436c-9e69-8688a5830be9 200 913ms
2024-09-16T09:01:01.617Z [info]: OPTIONS /v1/users/?page=0&q= 204 1ms
2024-09-16T09:01:02.442Z [info]: GET /v1/users/?page=0&q= 200 819ms
2024-09-16T09:01:16.826Z [info]: OPTIONS /login 204 1ms
2024-09-16T09:01:17.560Z [info]: POST /login 400 731ms
2024-09-16T09:01:21.010Z [info]: POST /login 400 328ms
2024-09-16T09:01:29.415Z [info]: OPTIONS /login 204 1ms
2024-09-16T09:01:29.791Z [info]: POST /login 200 373ms
2024-09-16T09:01:29.877Z [info]: OPTIONS /v1/dashboard/7 204 1ms
2024-09-16T09:01:30.503Z [info]: OPTIONS /validate 204 1ms
2024-09-16T09:01:30.763Z [info]: POST /validate 200 251ms
2024-09-16T09:01:31.723Z [info]: GET /v1/dashboard/7 200 897ms
2024-09-16T09:01:31.986Z [info]: OPTIONS /v1/users/?page=0&q= 204 1ms
2024-09-16T09:01:33.001Z [info]: GET /v1/users/?page=0&q= 304 1009ms
2024-09-16T09:01:33.183Z [info]: OPTIONS /v1/financial/registers/?page=0&q= 204 1ms
2024-09-16T09:01:34.281Z [info]: GET /v1/financial/registers/?page=0&q= 200 1067ms
2024-09-16T09:01:35.641Z [info]: GET /v1/users/?page=0&q= 304 865ms
2024-09-16T09:01:36.919Z [info]: OPTIONS /v1/stores/?page=0&q= 204 0ms
2024-09-16T09:01:37.643Z [info]: GET /v1/stores/?page=0&q= 304 715ms
2024-09-16T09:03:13.839Z [info]: OPTIONS /v1/stores/?page=0&q= 204 0ms
2024-09-16T09:03:14.597Z [info]: GET /v1/stores/?page=0&q= 304 754ms
2024-09-16T09:03:36.833Z [info]: OPTIONS /v1/stores/?page=0&q= 204 0ms
2024-09-16T09:03:37.715Z [info]: GET /v1/stores/?page=0&q= 304 879ms
2024-09-16T09:03:41.643Z [info]: GET /v1/stores/?page=0&q= 304 824ms
2024-09-16T09:03:43.810Z [info]: OPTIONS /v1/stores/?page=0&q= 204 0ms
2024-09-16T09:03:44.437Z [info]: GET /v1/stores/?page=0&q= 304 624ms
2024-09-16T09:04:48.829Z [info]: OPTIONS /v1/stores/?page=0&q= 204 1ms
2024-09-16T09:04:49.713Z [info]: GET /v1/stores/?page=0&q= 304 882ms
2024-09-16T09:09:15.826Z [info]: OPTIONS /v1/stores/?page=0&q= 204 2ms
2024-09-16T09:09:16.585Z [info]: GET /v1/stores/?page=0&q= 304 756ms
2024-09-16T09:13:04.328Z [info]: OPTIONS /validate 204 0ms
2024-09-16T09:13:04.517Z [info]: POST /validate 200 187ms
2024-09-16T09:13:04.595Z [info]: OPTIONS /v1/dashboard/7 204 1ms
2024-09-16T09:13:05.696Z [info]: GET /v1/dashboard/7 304 1099ms
2024-09-16T09:13:17.415Z [info]: OPTIONS /v1/products/?page=0&q= 204 1ms
2024-09-16T09:13:18.179Z [info]: GET /v1/products/?page=0&q= 304 579ms
2024-09-16T09:13:20.456Z [info]: OPTIONS /v1/categories/?page=0&q= 204 1ms
2024-09-16T09:13:21.055Z [info]: GET /v1/categories/?page=0&q= 200 590ms
2024-09-16T09:13:21.090Z [info]: OPTIONS /v1/stores/?page=0&q= 204 0ms
2024-09-16T09:13:21.694Z [info]: GET /v1/stores/?page=0&q= 304 601ms
2024-09-16T09:13:21.700Z [info]: OPTIONS /v1/providers/?page=0&q= 204 0ms
2024-09-16T09:13:22.630Z [info]: GET /v1/providers/?page=0&q= 200 927ms
