2024-09-17T21:00:34.250Z [info]: POST /validate 200 4ms
2024-09-17T21:00:34.331Z [info]: GET /v1/products/?page=0&q= 304 13ms
2024-09-17T21:00:36.005Z [info]: POST /validate 200 3ms
2024-09-17T21:00:36.199Z [info]: GET /v1/products/?page=0&q= 304 19ms
2024-09-17T21:04:58.615Z [info]: GET /v1/categories/?page=0&q= 200 5ms
2024-09-17T21:04:58.623Z [info]: OPTIONS /v1/stores/?page=0&q= 204 1ms
2024-09-17T21:04:58.631Z [info]: GET /v1/stores/?page=0&q= 304 5ms
2024-09-17T21:04:58.636Z [info]: OPTIONS /v1/providers/?page=0&q= 204 0ms
2024-09-17T21:04:58.644Z [info]: GET /v1/providers/?page=0&q= 304 5ms
2024-09-17T21:08:48.829Z [info]: POST /v1/products 400 5ms
2024-09-17T21:09:16.876Z [info]: Server is running on port 3333
2024-09-17T21:09:27.707Z [info]: Server is running on port 3333
2024-09-17T21:09:30.838Z [info]: Server is running on port 3333
2024-09-17T21:09:35.243Z [info]: POST /v1/products 500 174ms
2024-09-17T21:09:51.957Z [info]: Server is running on port 3333
2024-09-17T21:09:57.167Z [info]: Server is running on port 3333
2024-09-17T21:10:02.466Z [info]: Server is running on port 3333
2024-09-17T21:10:10.715Z [info]: POST /v1/products 500 103ms
2024-09-17T21:10:13.515Z [info]: POST /v1/products 500 11ms
2024-09-17T21:11:56.035Z [info]: POST /validate 200 5ms
2024-09-17T21:11:56.118Z [info]: OPTIONS /v1/products/?page=0&q= 204 2ms
2024-09-17T21:11:56.176Z [info]: GET /v1/products/?page=0&q= 304 52ms
2024-09-17T21:12:55.399Z [info]: POST /validate 200 4ms
2024-09-17T21:12:55.487Z [info]: GET /v1/products/?page=0&q= 304 16ms
2024-09-17T21:12:56.571Z [info]: GET /v1/categories/?page=0&q= 304 5ms
2024-09-17T21:12:56.607Z [info]: GET /v1/stores/?page=0&q= 304 7ms
2024-09-17T21:12:56.643Z [info]: GET /v1/providers/?page=0&q= 304 7ms
2024-09-17T21:13:06.578Z [info]: POST /v1/products 500 8ms
2024-09-17T21:13:24.579Z [info]: Server is running on port 3333
2024-09-17T21:13:26.292Z [info]: POST /v1/products 500 117ms
2024-09-17T21:13:53.444Z [info]: Server is running on port 3333
2024-09-17T21:14:52.000Z [info]: Server is running on port 3333
2024-09-17T21:14:57.526Z [info]: Server is running on port 3333
2024-09-17T21:15:22.820Z [info]: POST /v1/products 500 127ms
2024-09-17T21:16:11.579Z [info]: Server is running on port 3333
2024-09-17T21:16:17.578Z [info]: POST /v1/products 500 130ms
2024-09-17T21:17:50.402Z [info]: Server is running on port 3333
2024-09-17T21:17:56.281Z [info]: Server is running on port 3333
2024-09-17T21:18:00.899Z [info]: Server is running on port 3333
2024-09-17T21:18:07.719Z [info]: Server is running on port 3333
2024-09-17T21:18:13.832Z [info]: Server is running on port 3333
2024-09-17T21:18:19.109Z [info]: Server is running on port 3333
2024-09-17T21:18:21.452Z [info]: Server is running on port 3333
2024-09-17T21:19:14.371Z [info]: POST /v1/products 400 317ms
2024-09-17T21:19:29.324Z [info]: Server is running on port 3333
2024-09-17T21:19:34.650Z [info]: Server is running on port 3333
2024-09-17T21:20:12.368Z [info]: GET /v1/categories/?page=0&q= 304 80ms
2024-09-17T21:20:12.390Z [info]: GET /v1/stores/?page=0&q= 304 16ms
2024-09-17T21:20:12.417Z [info]: GET /v1/providers/?page=0&q= 304 17ms
2024-09-17T21:24:08.466Z [info]: POST /validate 200 9ms
2024-09-17T21:24:08.611Z [info]: GET /v1/products/?page=0&q= 304 45ms
2024-09-17T21:24:10.518Z [info]: OPTIONS /v1/categories/?page=0&q= 204 2ms
2024-09-17T21:24:10.533Z [info]: GET /v1/categories/?page=0&q= 304 9ms
2024-09-17T21:24:10.576Z [info]: GET /v1/stores/?page=0&q= 304 10ms
2024-09-17T21:24:10.596Z [info]: GET /v1/providers/?page=0&q= 304 11ms
2024-09-17T21:27:03.555Z [info]: POST /validate 200 6ms
2024-09-17T21:27:03.746Z [info]: GET /v1/products/?page=0&q= 304 17ms
2024-09-17T21:27:55.264Z [info]: GET /v1/categories/?page=0&q= 304 9ms
2024-09-17T21:27:55.299Z [info]: GET /v1/stores/?page=0&q= 304 11ms
2024-09-17T21:27:55.319Z [info]: GET /v1/providers/?page=0&q= 304 10ms
2024-09-17T21:27:56.039Z [info]: GET /v1/products/?page=0&q= 304 11ms
2024-09-17T21:28:36.176Z [info]: POST /validate 200 4ms
2024-09-17T21:28:36.384Z [info]: GET /v1/products/?page=0&q= 304 13ms
2024-09-17T21:28:37.735Z [info]: GET /v1/categories/?page=0&q= 304 5ms
2024-09-17T21:28:37.755Z [info]: GET /v1/stores/?page=0&q= 304 12ms
2024-09-17T21:28:37.773Z [info]: GET /v1/providers/?page=0&q= 304 7ms
2024-09-17T21:29:27.904Z [info]: POST /v1/products 201 66ms
2024-09-17T21:29:27.997Z [info]: GET /v1/products/?page=0&q= 200 12ms
2024-09-18T00:46:44.591Z [info]: OPTIONS /validate 204 4ms
2024-09-18T00:46:44.822Z [error]: Validation failed: jwt expired, Stack: TokenExpiredError: jwt expired
    at C:\Users\Admin\Desktop\xarerp-dashboard\api\node_modules\jsonwebtoken\verify.js:152:21
    at getSecret (C:\Users\Admin\Desktop\xarerp-dashboard\api\node_modules\jsonwebtoken\verify.js:90:14)
    at module.exports (C:\Users\Admin\Desktop\xarerp-dashboard\api\node_modules\jsonwebtoken\verify.js:94:10)
    at C:\Users\Admin\Desktop\xarerp-dashboard\api\src\middlewares\auth\ensureAuthenticated.ts:119:11
    at Generator.next (<anonymous>)
    at C:\Users\Admin\Desktop\xarerp-dashboard\api\src\middlewares\auth\ensureAuthenticated.ts:12:71
    at new Promise (<anonymous>)
    at __awaiter (C:\Users\Admin\Desktop\xarerp-dashboard\api\src\middlewares\auth\ensureAuthenticated.ts:8:12)
    at validateToken (C:\Users\Admin\Desktop\xarerp-dashboard\api\src\middlewares\auth\ensureAuthenticated.ts:107:68)
    at Layer.handle [as handle_request] (C:\Users\Admin\Desktop\xarerp-dashboard\api\node_modules\express\lib\router\layer.js:95:5)
2024-09-18T00:46:44.852Z [info]: POST /validate 401 110ms
2024-09-18T00:47:38.249Z [info]: OPTIONS /login 204 0ms
2024-09-18T00:47:38.495Z [info]: POST /login 200 238ms
2024-09-18T00:47:38.570Z [info]: OPTIONS /v1/dashboard/7 204 0ms
2024-09-18T00:47:38.683Z [info]: GET /v1/dashboard/7 200 33ms
2024-09-18T00:47:39.747Z [info]: POST /validate 200 3ms
2024-09-18T00:47:39.955Z [info]: GET /v1/dashboard/7 304 67ms
2024-09-18T00:47:49.977Z [info]: OPTIONS /v1/stores/?page=0&q= 204 0ms
2024-09-18T00:47:49.991Z [info]: GET /v1/stores/?page=0&q= 304 10ms
2024-09-18T00:47:51.414Z [info]: OPTIONS /v1/purchases/?page=0&q= 204 0ms
2024-09-18T00:47:51.452Z [info]: GET /v1/purchases/?page=0&q= 200 29ms
2024-09-18T00:47:51.946Z [info]: OPTIONS /v1/users/?page=0&q= 204 1ms
2024-09-18T00:47:51.965Z [info]: GET /v1/users/?page=0&q= 304 13ms
2024-09-18T00:47:54.374Z [info]: GET /v1/dashboard/7 304 17ms
2024-09-18T00:47:55.110Z [info]: GET /v1/stores/?page=0&q= 304 7ms
2024-09-18T00:57:35.906Z [info]: GET /v1/purchases/?page=0&q= 304 113ms
2024-09-18T00:57:39.178Z [info]: OPTIONS /v1/products/?page=0&q= 204 1ms
2024-09-18T00:57:39.201Z [info]: GET /v1/products/?page=0&q= 304 18ms
2024-09-18T00:57:39.891Z [info]: GET /v1/purchases/?page=0&q= 304 15ms
2024-09-18T00:57:40.417Z [info]: GET /v1/stores/?page=0&q= 304 10ms
2024-09-18T00:57:41.011Z [info]: GET /v1/dashboard/7 304 23ms
2024-09-18T00:57:41.875Z [info]: GET /v1/products/?page=0&q= 304 17ms
2024-09-18T00:57:42.127Z [info]: GET /v1/purchases/?page=0&q= 304 13ms
2024-09-18T00:58:37.720Z [info]: POST /validate 200 10ms
2024-09-18T00:58:37.943Z [info]: GET /v1/purchases/?page=0&q= 304 75ms
2024-09-18T00:59:45.457Z [info]: GET /v1/stores/?page=0&q= 304 5ms
2024-09-18T00:59:45.462Z [info]: OPTIONS /v1/providers/?page=0&q= 204 0ms
2024-09-18T00:59:45.472Z [info]: GET /v1/providers/?page=0&q= 304 7ms
2024-09-18T00:59:45.485Z [info]: GET /v1/products/?page=0&q= 304 8ms
2024-09-18T01:00:04.076Z [info]: GET /v1/users/?page=0&q= 304 16ms
2024-09-18T01:00:04.634Z [info]: GET /v1/products/?page=0&q= 304 11ms
2024-09-18T01:00:06.974Z [info]: GET /v1/stores/?page=0&q= 304 10ms
2024-09-18T01:00:43.424Z [info]: OPTIONS /v1/sales/?page=0&q= 204 1ms
2024-09-18T01:00:43.498Z [info]: GET /v1/sales/?page=0&q= 304 14ms
2024-09-18T01:00:45.961Z [info]: GET /v1/products/?page=0&q= 304 8ms
2024-09-18T01:00:45.969Z [info]: GET /v1/stores/?page=0&q= 304 4ms
2024-09-18T01:00:45.974Z [info]: OPTIONS /v1/clients/?page=0&q= 204 0ms
2024-09-18T01:00:45.989Z [info]: GET /v1/clients/?page=0&q= 304 11ms
2024-09-18T01:00:45.995Z [info]: OPTIONS /v1/sellers/?page=0&q= 204 1ms
2024-09-18T01:00:46.006Z [info]: GET /v1/sellers/?page=0&q= 304 9ms
2024-09-18T01:00:46.012Z [info]: OPTIONS /v1/carriers/?page=0&q= 204 0ms
2024-09-18T01:00:46.023Z [info]: GET /v1/carriers/?page=0&q= 304 8ms
2024-09-18T01:01:09.969Z [info]: GET /v1/products/?page=0&q= 304 11ms
2024-09-18T01:01:15.518Z [info]: OPTIONS /v1/categories/?page=0&q= 204 0ms
2024-09-18T01:01:15.530Z [info]: GET /v1/categories/?page=0&q= 304 6ms
2024-09-18T01:01:15.555Z [info]: GET /v1/stores/?page=0&q= 304 7ms
2024-09-18T01:01:15.580Z [info]: GET /v1/providers/?page=0&q= 304 5ms
2024-09-18T01:01:28.447Z [info]: GET /v1/users/?page=0&q= 304 14ms
2024-09-18T01:01:30.751Z [info]: GET /v1/users/?page=0&q= 304 12ms
2024-09-18T01:01:31.663Z [info]: GET /v1/sales/?page=0&q= 304 10ms
2024-09-18T01:01:43.330Z [info]: GET /v1/purchases/?page=0&q= 304 21ms
2024-09-18T01:01:45.362Z [info]: GET /v1/sales/?page=0&q= 304 16ms
2024-09-18T01:01:45.947Z [info]: GET /v1/purchases/?page=0&q= 304 12ms
2024-09-18T01:01:50.782Z [info]: GET /v1/dashboard/7 304 15ms
2024-09-18T01:02:20.418Z [info]: GET /v1/dashboard/7 304 14ms
2024-09-18T01:02:37.498Z [info]: GET /v1/products/?page=0&q= 304 18ms
2024-09-18T01:02:40.938Z [info]: GET /v1/categories/?page=0&q= 304 5ms
2024-09-18T01:02:40.998Z [info]: GET /v1/stores/?page=0&q= 304 27ms
2024-09-18T01:02:41.027Z [info]: GET /v1/providers/?page=0&q= 304 9ms
2024-09-18T01:02:46.684Z [info]: GET /v1/purchases/?page=0&q= 304 12ms
2024-09-18T01:02:46.799Z [info]: GET /v1/stores/?page=0&q= 304 126ms
2024-09-18T01:02:46.813Z [info]: GET /v1/providers/?page=0&q= 304 8ms
2024-09-18T01:02:46.832Z [info]: GET /v1/products/?page=0&q= 304 14ms
2024-09-18T01:02:47.308Z [info]: GET /v1/stores/?page=0&q= 304 10ms
2024-09-18T01:02:47.310Z [info]: GET /v1/users/?page=0&q= 304 13ms
2024-09-18T01:05:47.602Z [info]: OPTIONS /v1/tickets/?page=0&q= 204 1ms
2024-09-18T01:05:47.624Z [info]: GET /v1/stores/?page=0&q= 304 14ms
2024-09-18T01:05:47.628Z [info]: GET /v1/tickets/?page=0&q= 304 16ms
2024-09-18T01:05:49.656Z [info]: GET /v1/stores/?page=0&q= 304 6ms
2024-09-18T01:05:56.951Z [info]: OPTIONS /v1/tickets/30b30752-ce40-4fc1-8be2-dd1da687fbb5 204 0ms
2024-09-18T01:05:56.961Z [info]: PUT /v1/tickets/30b30752-ce40-4fc1-8be2-dd1da687fbb5 404 7ms
2024-09-18T01:06:00.953Z [info]: PUT /v1/tickets/30b30752-ce40-4fc1-8be2-dd1da687fbb5 404 5ms
2024-09-18T01:06:18.843Z [info]: PUT /v1/tickets/30b30752-ce40-4fc1-8be2-dd1da687fbb5 404 4ms
2024-09-18T01:09:00.435Z [info]: Server is running on port 3333
2024-09-18T01:09:20.771Z [info]: Server is running on port 3333
2024-09-18T01:09:22.278Z [info]: Server is running on port 3333
2024-09-18T01:09:57.971Z [info]: PUT /v1/tickets/30b30752-ce40-4fc1-8be2-dd1da687fbb5 404 359ms
2024-09-18T01:09:59.103Z [info]: GET /v1/stores/?page=0&q= 304 21ms
2024-09-18T01:10:00.573Z [info]: PUT /v1/tickets/30b30752-ce40-4fc1-8be2-dd1da687fbb5 404 9ms
2024-09-18T01:10:16.314Z [info]: GET /v1/stores/?page=0&q= 304 24ms
2024-09-18T01:10:53.943Z [info]: GET /v1/stores/?page=0&q= 304 9ms
2024-09-18T01:10:57.538Z [info]: POST /validate 200 4ms
2024-09-18T01:10:57.669Z [info]: GET /v1/tickets/?page=0&q= 304 15ms
2024-09-18T01:10:58.910Z [info]: GET /v1/stores/?page=0&q= 304 9ms
2024-09-18T01:11:18.751Z [info]: OPTIONS /v1/tickets/?page=0&q=a 204 2ms
2024-09-18T01:11:18.764Z [info]: GET /v1/tickets/?page=0&q=a 200 8ms
2024-09-18T01:11:18.916Z [info]: OPTIONS /v1/tickets/?page=0&q=ad 204 1ms
2024-09-18T01:11:18.926Z [info]: GET /v1/tickets/?page=0&q=ad 200 7ms
2024-09-18T01:12:27.592Z [info]: GET /v1/stores/?page=0&q= 304 6ms
2024-09-18T01:12:33.347Z [info]: OPTIONS /v1/tickets 204 0ms
2024-09-18T01:12:33.373Z [info]: POST /v1/tickets 201 23ms
2024-09-18T01:12:33.505Z [info]: GET /v1/tickets/?page=0&q=ad 304 7ms
2024-09-18T01:12:56.675Z [info]: POST /validate 200 3ms
2024-09-18T01:12:56.839Z [info]: GET /v1/tickets/?page=0&q= 200 17ms
2024-09-18T01:13:10.282Z [info]: GET /v1/stores/?page=0&q= 304 5ms
2024-09-18T01:13:15.170Z [info]: POST /v1/tickets 201 15ms
2024-09-18T01:13:15.299Z [info]: GET /v1/tickets/?page=0&q= 200 10ms
2024-09-18T01:16:32.937Z [info]: GET /v1/users/?page=0&q= 304 14ms
2024-09-18T01:16:39.567Z [info]: GET /v1/stores/?page=0&q= 304 5ms
2024-09-18T01:17:23.444Z [info]: OPTIONS /v1/users 204 1ms
2024-09-18T01:17:23.604Z [info]: POST /v1/users 201 156ms
2024-09-18T01:17:23.677Z [info]: GET /v1/users/?page=0&q= 200 7ms
2024-09-18T01:17:28.686Z [info]: GET /v1/stores/?page=0&q= 304 4ms
2024-09-18T01:18:14.778Z [info]: OPTIONS /login 204 1ms
2024-09-18T01:18:14.879Z [info]: POST /login 200 83ms
2024-09-18T01:18:14.916Z [info]: OPTIONS /v1/dashboard/7 204 0ms
2024-09-18T01:18:15.018Z [info]: OPTIONS /validate 204 0ms
2024-09-18T01:18:15.023Z [info]: POST /validate 200 3ms
2024-09-18T01:18:15.117Z [info]: GET /v1/dashboard/7 200 15ms
2024-09-18T01:18:19.037Z [info]: OPTIONS /v1/sales/?page=0&q= 204 0ms
2024-09-18T01:18:19.051Z [info]: GET /v1/sales/?page=0&q= 200 12ms
2024-09-18T01:18:21.597Z [info]: OPTIONS /v1/products/?page=0&q= 204 1ms
2024-09-18T01:18:21.600Z [info]: GET /v1/products/?page=0&q= 401 2ms
2024-09-18T01:19:20.980Z [info]: POST /validate 200 2ms
2024-09-18T01:19:21.218Z [info]: GET /v1/sales/?page=0&q= 304 97ms
2024-09-18T01:19:23.067Z [info]: GET /v1/products/?page=0&q= 401 3ms
2024-09-18T01:25:47.259Z [info]: POST /validate 200 228ms
2024-09-18T01:25:47.363Z [info]: GET /v1/sales/?page=0&q= 304 24ms
2024-09-18T01:25:53.435Z [info]: GET /v1/products/?page=0&q= 401 3ms
2024-09-18T01:27:21.297Z [info]: Server is running on port 3333
2024-09-18T01:28:05.683Z [info]: Server is running on port 3333
2024-09-18T01:28:39.213Z [info]: Server is running on port 3333
2024-09-18T01:30:56.093Z [info]: Server is running on port 3333
2024-09-18T01:31:00.769Z [info]: POST /validate 200 410ms
2024-09-18T01:31:00.884Z [info]: GET /v1/sales/?page=0&q= 304 37ms
2024-09-18T01:31:01.888Z [info]: GET /v1/products/?page=0&q= 401 5ms
2024-09-18T01:31:05.772Z [info]: POST /validate 200 8ms
2024-09-18T01:31:06.404Z [info]: GET /v1/sales/?page=0&q= 304 146ms
2024-09-18T01:31:13.329Z [info]: Server is running on port 3333
2024-09-18T01:31:32.103Z [info]: Server is running on port 3333
2024-09-18T01:34:08.635Z [info]: POST /validate 200 194ms
2024-09-18T01:34:08.825Z [info]: GET /v1/sales/?page=0&q= 304 88ms
2024-09-18T01:34:10.797Z [info]: POST /validate 200 6ms
2024-09-18T01:34:11.110Z [info]: GET /v1/sales/?page=0&q= 304 49ms
2024-09-18T01:34:12.602Z [info]: GET /v1/products/?page=0&q= 401 5ms
2024-09-18T01:34:15.350Z [info]: GET /v1/dashboard/7 304 25ms
2024-09-18T01:34:17.876Z [info]: OPTIONS /v1/tickets/?page=0&q= 204 1ms
2024-09-18T01:34:17.944Z [info]: GET /v1/tickets/?page=0&q= 200 60ms
2024-09-18T01:34:19.035Z [info]: GET /v1/sales/?page=0&q= 304 10ms
2024-09-18T01:34:19.646Z [info]: GET /v1/tickets/?page=0&q= 304 12ms
2024-09-18T01:34:21.270Z [info]: OPTIONS /v1/stores/?page=0&q= 204 1ms
2024-09-18T01:34:21.275Z [info]: GET /v1/stores/?page=0&q= 401 3ms
2024-09-18T01:34:27.519Z [info]: Server is running on port 3333
2024-09-18T01:34:32.138Z [info]: POST /validate 200 316ms
2024-09-18T01:34:32.305Z [info]: GET /v1/tickets/?page=0&q= 304 97ms
2024-09-18T01:34:33.526Z [info]: POST /validate 200 4ms
2024-09-18T01:34:33.753Z [info]: GET /v1/tickets/?page=0&q= 304 17ms
2024-09-18T01:34:35.344Z [info]: GET /v1/stores/?page=0&q= 401 4ms
2024-09-18T01:34:37.687Z [info]: GET /v1/sales/?page=0&q= 304 25ms
2024-09-18T01:34:40.405Z [info]: GET /v1/products/?page=0&q= 401 4ms
2024-09-18T01:34:47.105Z [info]: GET /v1/dashboard/7 304 28ms
2024-09-18T01:34:59.730Z [info]: GET /v1/sales/?page=0&q= 304 22ms
2024-09-18T01:35:00.343Z [info]: GET /v1/tickets/?page=0&q= 304 10ms
2024-09-18T01:35:00.835Z [info]: GET /v1/sales/?page=0&q= 304 12ms
2024-09-18T01:35:12.320Z [info]: GET /v1/tickets/?page=0&q= 304 9ms
2024-09-18T01:35:14.173Z [info]: GET /v1/stores/?page=0&q= 304 6ms
2024-09-18T01:35:18.283Z [info]: POST /v1/tickets 201 48ms
2024-09-18T01:35:18.342Z [info]: GET /v1/tickets/?page=0&q= 200 12ms
2024-09-18T01:35:20.670Z [info]: POST /validate 200 3ms
2024-09-18T01:35:20.762Z [info]: GET /v1/tickets/?page=0&q= 304 8ms
2024-09-18T01:35:30.475Z [info]: POST /validate 200 3ms
2024-09-18T01:35:30.742Z [info]: GET /v1/tickets/?page=0&q= 304 23ms
2024-09-18T01:35:51.686Z [info]: POST /validate 200 3ms
2024-09-18T01:35:51.878Z [info]: GET /v1/tickets/?page=0&q= 304 11ms
2024-09-18T01:35:59.377Z [info]: Server is running on port 3333
2024-09-18T01:36:02.420Z [info]: POST /validate 200 313ms
2024-09-18T01:36:02.560Z [info]: GET /v1/tickets/?page=0&q= 304 27ms
2024-09-18T01:36:03.702Z [info]: POST /validate 200 4ms
2024-09-18T01:36:03.871Z [info]: GET /v1/tickets/?page=0&q= 304 32ms
2024-09-18T01:36:07.886Z [info]: POST /validate 200 4ms
2024-09-18T01:36:08.168Z [info]: GET /v1/tickets/?page=0&q= 304 145ms
2024-09-18T01:36:22.783Z [info]: GET /v1/tickets/?page=0&q= 401 3ms
2024-09-18T01:36:22.942Z [info]: GET /favicon.ico 401 1ms
2024-09-18T01:37:32.461Z [info]: Server is running on port 3333
2024-09-18T01:38:08.873Z [info]: Server is running on port 3333
2024-09-18T01:39:10.366Z [info]: Server is running on port 3333
2024-09-18T01:39:19.963Z [info]: POST /validate 200 250ms
2024-09-18T01:39:20.057Z [info]: GET /v1/sales/?page=0&q= 304 40ms
2024-09-18T01:39:21.400Z [info]: GET /v1/products/?page=0&q= 401 6ms
2024-09-18T01:39:39.168Z [info]: POST /login 200 114ms
2024-09-18T01:39:39.288Z [info]: GET /v1/dashboard/7 200 33ms
2024-09-18T01:39:39.696Z [info]: POST /validate 200 3ms
2024-09-18T01:39:39.871Z [info]: GET /v1/dashboard/7 304 25ms
2024-09-18T01:39:43.152Z [info]: GET /v1/tickets/?page=0&q= 200 13ms
2024-09-18T01:39:44.258Z [info]: OPTIONS /v1/purchases/?page=0&q= 204 1ms
2024-09-18T01:39:44.308Z [info]: GET /v1/purchases/?page=0&q= 200 38ms
2024-09-18T01:39:47.273Z [info]: GET /v1/sales/?page=0&q= 304 18ms
2024-09-18T01:39:47.998Z [info]: GET /v1/products/?page=0&q= 200 19ms
2024-09-18T01:39:48.904Z [info]: GET /v1/stores/?page=0&q= 200 11ms
2024-09-18T01:40:11.124Z [info]: GET /v1/products/?page=0&q= 304 16ms
2024-09-18T01:40:14.925Z [info]: OPTIONS /v1/categories/?page=0&q= 204 1ms
2024-09-18T01:40:14.932Z [info]: GET /v1/categories/?page=0&q= 200 5ms
2024-09-18T01:40:14.940Z [info]: GET /v1/stores/?page=0&q= 304 4ms
2024-09-18T01:40:14.944Z [info]: OPTIONS /v1/providers/?page=0&q= 204 0ms
2024-09-18T01:40:14.953Z [info]: GET /v1/providers/?page=0&q= 200 7ms
2024-09-18T01:40:19.516Z [info]: GET /v1/sales/?page=0&q= 304 12ms
2024-09-18T01:40:20.883Z [info]: GET /v1/products/?page=0&q= 304 10ms
2024-09-18T01:40:20.893Z [info]: GET /v1/stores/?page=0&q= 304 5ms
2024-09-18T01:40:20.899Z [info]: OPTIONS /v1/clients/?page=0&q= 204 1ms
2024-09-18T01:40:20.909Z [info]: GET /v1/clients/?page=0&q= 200 8ms
2024-09-18T01:40:20.913Z [info]: OPTIONS /v1/sellers/?page=0&q= 204 0ms
2024-09-18T01:40:20.923Z [info]: GET /v1/sellers/?page=0&q= 200 8ms
2024-09-18T01:40:20.928Z [info]: OPTIONS /v1/carriers/?page=0&q= 204 1ms
2024-09-18T01:40:20.938Z [info]: GET /v1/carriers/?page=0&q= 200 9ms
2024-09-18T01:40:27.062Z [info]: GET /v1/products/?page=0&q= 304 17ms
2024-09-18T01:40:28.459Z [info]: GET /v1/sales/?page=0&q= 304 9ms
2024-09-18T01:40:29.098Z [info]: GET /v1/purchases/?page=0&q= 304 16ms
2024-09-18T01:40:29.976Z [info]: GET /v1/tickets/?page=0&q= 304 13ms
2024-09-18T01:40:31.557Z [info]: GET /v1/stores/?page=0&q= 304 5ms
2024-09-18T01:40:36.843Z [info]: OPTIONS /v1/tickets 204 1ms
2024-09-18T01:40:36.863Z [info]: POST /v1/tickets 201 17ms
2024-09-18T01:40:36.937Z [info]: GET /v1/tickets/?page=0&q= 200 8ms
2024-09-18T01:40:39.106Z [info]: POST /validate 200 4ms
2024-09-18T01:40:39.334Z [info]: GET /v1/tickets/?page=0&q= 304 104ms
2024-09-18T01:40:41.857Z [info]: GET /v1/purchases/?page=0&q= 304 27ms
2024-09-18T01:40:42.863Z [info]: GET /v1/tickets/?page=0&q= 304 9ms
2024-09-18T01:40:43.453Z [info]: OPTIONS /v1/users/?page=0&q= 204 1ms
2024-09-18T01:40:43.468Z [info]: GET /v1/users/?page=0&q= 200 12ms
2024-09-18T01:40:45.089Z [info]: GET /v1/tickets/?page=0&q= 304 13ms
2024-09-18T01:42:38.637Z [info]: OPTIONS /v1/purchases/?page=0&q= 204 0ms
2024-09-18T01:42:38.671Z [info]: GET /v1/purchases/?page=0&q= 200 30ms
2024-09-18T01:42:40.463Z [info]: OPTIONS /v1/tickets/?page=0&q= 204 0ms
2024-09-18T01:42:40.483Z [info]: GET /v1/tickets/?page=0&q= 200 14ms
2024-09-18T01:42:42.752Z [info]: OPTIONS /v1/users/?page=0&q= 204 0ms
2024-09-18T01:42:42.796Z [info]: GET /v1/users/?page=0&q= 200 41ms
2024-09-18T01:42:43.775Z [info]: OPTIONS /v1/tickets/?page=0&q= 204 0ms
2024-09-18T01:42:43.858Z [info]: GET /v1/tickets/?page=0&q= 200 80ms
2024-09-18T01:42:45.624Z [info]: OPTIONS /validate 204 0ms
2024-09-18T01:42:45.629Z [info]: POST /validate 200 3ms
2024-09-18T01:42:45.771Z [info]: OPTIONS /v1/tickets/?page=0&q= 204 1ms
2024-09-18T01:42:45.811Z [info]: GET /v1/tickets/?page=0&q= 200 37ms
2024-09-18T01:42:49.895Z [info]: OPTIONS /validate 204 0ms
2024-09-18T01:42:50.053Z [info]: POST /validate 200 27ms
2024-09-18T01:42:50.306Z [info]: OPTIONS /v1/tickets/?page=0&q= 204 0ms
2024-09-18T01:42:50.457Z [info]: GET /v1/tickets/?page=0&q= 200 148ms
2024-09-18T01:42:52.309Z [info]: OPTIONS /v1/stores/?page=0&q= 204 1ms
2024-09-18T01:42:52.415Z [info]: GET /v1/stores/?page=0&q= 200 103ms
2024-09-18T01:42:54.310Z [info]: OPTIONS /v1/stores/?page=0&q= 204 0ms
2024-09-18T01:42:54.321Z [info]: GET /v1/stores/?page=0&q= 200 9ms
2024-09-18T01:42:56.385Z [info]: OPTIONS /v1/stores/?page=0&q= 204 1ms
2024-09-18T01:42:56.408Z [info]: GET /v1/stores/?page=0&q= 200 21ms
2024-09-18T01:43:00.434Z [info]: OPTIONS /v1/tickets 204 1ms
2024-09-18T01:43:00.448Z [info]: POST /v1/tickets 201 12ms
2024-09-18T01:43:00.581Z [info]: OPTIONS /v1/tickets/?page=0&q= 204 1ms
2024-09-18T01:43:00.590Z [info]: GET /v1/tickets/?page=0&q= 200 6ms
2024-09-18T01:43:04.095Z [info]: OPTIONS /v1/dashboard/7 204 1ms
2024-09-18T01:43:04.156Z [info]: GET /v1/dashboard/7 200 48ms
2024-09-18T01:43:05.179Z [info]: OPTIONS /v1/stores/?page=0&q= 204 0ms
2024-09-18T01:43:05.188Z [info]: GET /v1/stores/?page=0&q= 200 6ms
2024-09-18T01:50:06.815Z [info]: Server is running on port 3333
2024-09-18T01:50:16.404Z [info]: POST /validate 200 282ms
2024-09-18T01:50:16.628Z [info]: GET /v1/tickets/?page=0&q= 200 25ms
2024-09-18T01:50:23.083Z [info]: GET /v1/purchases/?page=0&q= 304 51ms
2024-09-18T01:50:24.970Z [info]: GET /v1/stores/?page=0&q= 304 20ms
2024-09-18T01:50:25.058Z [info]: GET /v1/providers/?page=0&q= 304 24ms
2024-09-18T01:50:25.114Z [info]: GET /v1/products/?page=0&q= 304 24ms
2024-09-18T01:50:44.394Z [info]: POST /login 200 120ms
2024-09-18T01:50:44.705Z [info]: POST /validate 200 5ms
2024-09-18T01:50:44.832Z [info]: GET /v1/dashboard/7 200 23ms
2024-09-18T01:50:49.339Z [info]: GET /v1/sales/?page=0&q= 304 13ms
2024-09-18T01:50:51.401Z [info]: GET /v1/products/?page=0&q= 401 4ms
2024-09-18T01:52:17.437Z [info]: POST /login 200 91ms
2024-09-18T01:52:17.777Z [info]: POST /validate 200 3ms
2024-09-18T01:52:17.944Z [info]: GET /v1/dashboard/7 200 28ms
2024-09-18T01:52:24.081Z [info]: GET /v1/tickets/?page=0&q= 304 9ms
2024-09-18T01:52:24.435Z [info]: GET /v1/users/?page=0&q= 304 9ms
2024-09-18T01:52:29.342Z [info]: GET /v1/stores/?page=0&q= 304 8ms
2024-09-18T01:52:39.532Z [info]: OPTIONS /v1/users/2458d040-1465-4e5f-8cf0-86c1915e7cce 204 1ms
2024-09-18T01:52:39.554Z [info]: PUT /v1/users/2458d040-1465-4e5f-8cf0-86c1915e7cce 200 20ms
2024-09-18T01:52:39.623Z [info]: GET /v1/users/?page=0&q= 200 7ms
2024-09-18T01:52:54.797Z [info]: GET /v1/stores/?page=0&q= 304 14ms
2024-09-18T01:53:24.825Z [info]: OPTIONS /v1/users/21cac4ba-67ff-47d0-98eb-b8d21eeda545 204 0ms
2024-09-18T01:53:24.848Z [info]: PUT /v1/users/21cac4ba-67ff-47d0-98eb-b8d21eeda545 200 11ms
2024-09-18T01:53:24.914Z [info]: GET /v1/users/?page=0&q= 200 7ms
2024-09-18T01:53:31.147Z [info]: POST /login 200 87ms
2024-09-18T01:53:31.291Z [info]: POST /validate 200 3ms
2024-09-18T01:53:31.355Z [info]: GET /v1/dashboard/7 200 13ms
2024-09-18T01:53:34.129Z [info]: GET /v1/tickets/?page=0&q= 200 9ms
2024-09-18T01:53:35.665Z [info]: GET /v1/users/?page=0&q= 304 17ms
2024-09-18T01:53:39.061Z [info]: GET /v1/tickets/?page=0&q= 304 10ms
2024-09-18T01:53:39.948Z [info]: GET /v1/users/?page=0&q= 304 9ms
2024-09-18T01:53:40.487Z [info]: GET /v1/purchases/?page=0&q= 304 11ms
2024-09-18T01:53:41.202Z [info]: GET /v1/products/?page=0&q= 200 12ms
2024-09-18T01:53:42.052Z [info]: GET /v1/users/?page=0&q= 304 12ms
2024-09-18T03:30:51.161Z [info]: Server is running on port 3333
2024-09-18T03:31:04.439Z [info]: OPTIONS /login 204 9ms
2024-09-18T03:31:04.665Z [info]: POST /login 500 206ms
2024-09-18T03:33:05.806Z [info]: Server is running on port 3333
2024-09-18T03:33:46.430Z [info]: Server is running on port 3333
2024-09-18T03:33:50.631Z [info]: OPTIONS /login 204 7ms
2024-09-18T03:33:50.947Z [info]: POST /login 500 310ms
2024-09-18T03:34:05.679Z [info]: Server is running on port 3333
2024-09-18T03:34:07.631Z [info]: OPTIONS /login 204 6ms
2024-09-18T03:34:07.867Z [info]: POST /login 200 230ms
2024-09-18T03:34:07.934Z [info]: OPTIONS /v1/dashboard/7 204 2ms
2024-09-18T03:34:08.031Z [info]: GET /v1/dashboard/7 500 84ms
2024-09-18T03:34:08.866Z [info]: OPTIONS /validate 204 1ms
2024-09-18T03:34:08.886Z [info]: POST /validate 200 17ms
2024-09-18T03:34:09.084Z [info]: OPTIONS /v1/dashboard/7 204 1ms
2024-09-18T03:34:09.126Z [info]: GET /v1/dashboard/7 500 24ms
2024-09-18T03:36:45.839Z [info]: OPTIONS /validate 204 2ms
2024-09-18T03:36:45.922Z [info]: POST /validate 200 71ms
2024-09-18T03:36:45.996Z [info]: OPTIONS /v1/dashboard/7 204 1ms
2024-09-18T03:36:46.117Z [info]: GET /v1/dashboard/7 500 24ms
2024-09-18T03:37:39.434Z [info]: Server is running on port 3333
2024-09-18T03:37:43.407Z [info]: OPTIONS /validate 204 7ms
2024-09-18T03:37:43.699Z [info]: POST /validate 200 254ms
2024-09-18T03:37:43.775Z [info]: OPTIONS /v1/dashboard/7 204 1ms
2024-09-18T03:37:43.914Z [info]: GET /v1/dashboard/7 500 60ms
2024-09-18T03:39:28.723Z [info]: OPTIONS /validate 204 1ms
2024-09-18T03:39:28.736Z [info]: POST /validate 200 8ms
2024-09-18T03:39:28.844Z [info]: OPTIONS /v1/dashboard/7 204 1ms
2024-09-18T03:39:28.978Z [info]: GET /v1/dashboard/7 500 34ms
2024-09-18T03:40:43.911Z [info]: Server is running on port 3333
2024-09-18T03:42:03.520Z [info]: OPTIONS /validate 204 4ms
2024-09-18T03:42:04.267Z [info]: POST /validate 200 737ms
2024-09-18T03:42:04.334Z [info]: OPTIONS /v1/dashboard/7 204 2ms
2024-09-18T03:42:04.413Z [info]: GET /v1/dashboard/7 500 63ms
2024-09-18T03:46:23.866Z [info]: OPTIONS /login 204 1ms
2024-09-18T03:46:24.003Z [info]: POST /login 200 133ms
2024-09-18T03:46:24.084Z [info]: OPTIONS /v1/dashboard/7 204 0ms
2024-09-18T03:46:24.698Z [info]: OPTIONS /validate 204 1ms
2024-09-18T03:46:24.717Z [info]: POST /validate 200 11ms
2024-09-18T03:46:24.917Z [info]: OPTIONS /v1/dashboard/7 204 1ms
2024-09-18T03:46:24.950Z [info]: GET /v1/dashboard/7 200 18ms
2024-09-18T03:46:29.158Z [info]: OPTIONS /v1/stores/?page=0&q= 204 0ms
2024-09-18T03:46:29.305Z [info]: GET /v1/stores/?page=0&q= 200 36ms
2024-09-18T03:46:33.952Z [info]: OPTIONS /v1/products/?page=0&q= 204 2ms
2024-09-18T03:46:34.042Z [info]: GET /v1/products/?page=0&q= 500 85ms
2024-09-18T03:46:35.815Z [info]: OPTIONS /v1/stores/?page=0&q= 204 1ms
2024-09-18T03:46:35.850Z [info]: GET /v1/stores/?page=0&q= 200 16ms
2024-09-18T03:46:37.652Z [info]: OPTIONS /v1/sales/?page=0&q= 204 1ms
2024-09-18T03:46:37.704Z [info]: GET /v1/sales/?page=0&q= 500 43ms
2024-09-18T03:46:39.084Z [info]: OPTIONS /v1/purchases/?page=0&q= 204 1ms
2024-09-18T03:46:39.106Z [info]: GET /v1/purchases/?page=0&q= 200 18ms
2024-09-18T03:46:43.785Z [info]: OPTIONS /v1/tickets/?page=0&q= 204 0ms
2024-09-18T03:46:43.816Z [info]: GET /v1/tickets/?page=0&q= 500 26ms
2024-09-18T03:46:45.254Z [info]: OPTIONS /v1/stores/?page=0&q= 204 1ms
2024-09-18T03:46:45.267Z [info]: GET /v1/stores/?page=0&q= 200 8ms
2024-09-18T03:46:50.633Z [info]: OPTIONS /v1/tickets 204 0ms
2024-09-18T03:46:50.672Z [info]: POST /v1/tickets 500 36ms
2024-09-18T03:47:46.357Z [info]: Server is running on port 3333
2024-09-18T03:47:52.772Z [info]: OPTIONS /v1/tickets 204 8ms
2024-09-18T03:47:52.938Z [info]: POST /v1/tickets 500 151ms
2024-09-18T03:48:06.560Z [info]: OPTIONS /login 204 1ms
2024-09-18T03:48:06.771Z [info]: POST /login 200 206ms
2024-09-18T03:48:06.837Z [info]: OPTIONS /v1/dashboard/7 204 1ms
2024-09-18T03:48:07.069Z [info]: GET /v1/dashboard/7 500 219ms
2024-09-18T03:48:07.489Z [info]: OPTIONS /validate 204 0ms
2024-09-18T03:48:07.499Z [info]: POST /validate 200 6ms
2024-09-18T03:48:07.599Z [info]: OPTIONS /v1/dashboard/7 204 1ms
2024-09-18T03:48:07.790Z [info]: GET /v1/dashboard/7 500 116ms
2024-09-18T03:48:56.093Z [info]: Server is running on port 3333
2024-09-18T03:50:36.106Z [info]: Server is running on port 3333
2024-09-18T03:51:12.011Z [info]: Server is running on port 3333
2024-09-18T03:52:08.534Z [info]: OPTIONS /validate 204 8ms
2024-09-18T03:52:08.764Z [info]: POST /validate 200 224ms
2024-09-18T03:52:08.835Z [info]: OPTIONS /v1/dashboard/7 204 1ms
2024-09-18T03:52:08.973Z [info]: GET /v1/dashboard/7 500 121ms
2024-09-18T05:17:37.659Z [info]: OPTIONS /validate 204 4ms
2024-09-18T05:17:38.013Z [info]: POST /validate 500 338ms
2024-09-18T05:17:43.761Z [info]: OPTIONS /login 204 1ms
2024-09-18T05:17:43.899Z [info]: POST /login 200 135ms
2024-09-18T05:17:43.963Z [info]: OPTIONS /v1/dashboard/7 204 1ms
2024-09-18T05:17:44.590Z [info]: OPTIONS /validate 204 1ms
2024-09-18T05:17:44.674Z [info]: POST /validate 200 82ms
2024-09-18T05:17:44.711Z [info]: OPTIONS /v1/dashboard/7 204 1ms
2024-09-18T05:17:44.756Z [info]: GET /v1/dashboard/7 500 42ms
2024-09-18T05:17:51.341Z [info]: OPTIONS /v1/stores/?page=0&q= 204 1ms
2024-09-18T05:17:51.380Z [info]: GET /v1/stores/?page=0&q= 200 34ms
2024-09-18T05:17:58.208Z [info]: OPTIONS /v1/Unit 204 0ms
2024-09-18T05:17:58.214Z [warn]: 404 Not Found: POST /v1/Unit
2024-09-18T05:17:58.228Z [info]: POST /v1/Unit 404 17ms
2024-09-18T05:18:13.744Z [info]: OPTIONS /v1/products/?page=0&q= 204 1ms
2024-09-18T05:18:13.791Z [info]: GET /v1/products/?page=0&q= 500 40ms
2024-09-18T05:18:15.355Z [info]: OPTIONS /v1/categories/?page=0&q= 204 0ms
2024-09-18T05:18:15.368Z [info]: GET /v1/categories/?page=0&q= 200 9ms
2024-09-18T05:18:15.381Z [info]: OPTIONS /v1/stores/?page=0&q= 204 0ms
2024-09-18T05:18:15.394Z [info]: GET /v1/stores/?page=0&q= 200 9ms
2024-09-18T05:18:15.401Z [info]: OPTIONS /v1/providers/?page=0&q= 204 0ms
2024-09-18T05:18:15.414Z [info]: GET /v1/providers/?page=0&q= 200 9ms
2024-09-18T05:18:22.298Z [info]: OPTIONS /v1/categories 204 1ms
2024-09-18T05:18:22.333Z [info]: POST /v1/categories 201 32ms
2024-09-18T05:18:40.002Z [info]: OPTIONS /v1/sales/?page=0&q= 204 0ms
2024-09-18T05:18:40.063Z [info]: GET /v1/sales/?page=0&q= 500 44ms
2024-09-18T05:18:40.868Z [info]: OPTIONS /v1/purchases/?page=0&q= 204 0ms
2024-09-18T05:18:40.932Z [info]: GET /v1/purchases/?page=0&q= 200 27ms
2024-09-18T05:18:41.712Z [info]: OPTIONS /v1/tickets/?page=0&q= 204 0ms
2024-09-18T05:18:41.749Z [info]: GET /v1/tickets/?page=0&q= 500 32ms
2024-09-18T05:18:42.326Z [info]: OPTIONS /v1/users/?page=0&q= 204 1ms
2024-09-18T05:18:42.375Z [info]: GET /v1/users/?page=0&q= 500 43ms
2024-09-18T05:18:43.256Z [info]: OPTIONS /v1/tickets/?page=0&q= 204 0ms
2024-09-18T05:18:43.288Z [info]: GET /v1/tickets/?page=0&q= 500 24ms
2024-09-18T05:18:43.794Z [info]: OPTIONS /v1/purchases/?page=0&q= 204 1ms
2024-09-18T05:18:43.829Z [info]: GET /v1/purchases/?page=0&q= 200 28ms
2024-09-18T05:18:45.213Z [info]: OPTIONS /v1/users/?page=0&q= 204 0ms
2024-09-18T05:18:45.262Z [info]: GET /v1/users/?page=0&q= 500 33ms
2024-09-18T05:18:46.109Z [info]: OPTIONS /v1/tickets/?page=0&q= 204 0ms
2024-09-18T05:18:46.141Z [info]: GET /v1/tickets/?page=0&q= 500 22ms
2024-09-18T05:18:48.560Z [info]: OPTIONS /v1/stores/?page=0&q= 204 1ms
2024-09-18T05:18:48.570Z [info]: GET /v1/stores/?page=0&q= 200 7ms
2024-09-18T05:18:51.453Z [info]: OPTIONS /v1/tickets 204 1ms
2024-09-18T05:18:51.511Z [info]: POST /v1/tickets 500 52ms
2024-09-18T05:19:03.383Z [info]: OPTIONS /v1/stores/?page=0&q= 204 0ms
2024-09-18T05:19:03.402Z [info]: GET /v1/stores/?page=0&q= 200 11ms
2024-09-18T05:19:04.169Z [info]: OPTIONS /v1/products/?page=0&q= 204 5ms
2024-09-18T05:19:04.275Z [info]: GET /v1/products/?page=0&q= 500 15ms
2024-09-18T05:19:05.795Z [info]: OPTIONS /v1/sales/?page=0&q= 204 1ms
2024-09-18T05:19:05.813Z [info]: GET /v1/sales/?page=0&q= 500 14ms
2024-09-18T05:19:07.022Z [info]: OPTIONS /v1/products/?page=0&q= 204 0ms
2024-09-18T05:19:07.050Z [info]: GET /v1/products/?page=0&q= 500 22ms
2024-09-18T05:19:11.084Z [info]: OPTIONS /v1/purchases/?page=0&q= 204 0ms
2024-09-18T05:19:11.114Z [info]: GET /v1/purchases/?page=0&q= 200 18ms
2024-09-18T05:19:12.980Z [info]: OPTIONS /v1/stores/?page=0&q= 204 1ms
2024-09-18T05:19:12.992Z [info]: GET /v1/stores/?page=0&q= 200 8ms
2024-09-18T05:19:13.004Z [info]: OPTIONS /v1/providers/?page=0&q= 204 1ms
2024-09-18T05:19:13.025Z [info]: GET /v1/providers/?page=0&q= 200 9ms
2024-09-18T05:19:13.033Z [info]: OPTIONS /v1/products/?page=0&q= 204 0ms
2024-09-18T05:19:13.048Z [info]: GET /v1/products/?page=0&q= 500 12ms
2024-09-18T05:23:08.630Z [info]: OPTIONS /validate 204 1ms
2024-09-18T05:23:08.636Z [info]: POST /validate 200 4ms
2024-09-18T05:23:08.749Z [info]: OPTIONS /v1/purchases/?page=0&q= 204 0ms
2024-09-18T05:23:08.884Z [info]: GET /v1/purchases/?page=0&q= 200 7ms
2024-09-18T05:23:11.368Z [info]: OPTIONS /v1/sales/?page=0&q= 204 0ms
2024-09-18T05:23:11.402Z [info]: GET /v1/sales/?page=0&q= 500 28ms
2024-09-18T05:23:12.544Z [info]: OPTIONS /v1/products/?page=0&q= 204 0ms
2024-09-18T05:23:12.575Z [info]: GET /v1/products/?page=0&q= 500 24ms
2024-09-18T05:23:13.641Z [info]: OPTIONS /v1/stores/?page=0&q= 204 1ms
2024-09-18T05:23:13.652Z [info]: GET /v1/stores/?page=0&q= 200 7ms
2024-09-18T05:23:15.353Z [info]: OPTIONS /v1/dashboard/7 204 1ms
2024-09-18T05:23:15.394Z [info]: GET /v1/dashboard/7 500 32ms
2024-09-18T05:23:17.805Z [info]: OPTIONS /v1/purchases/?page=0&q= 204 0ms
2024-09-18T05:23:17.861Z [info]: GET /v1/purchases/?page=0&q= 200 12ms
2024-09-18T05:23:18.862Z [info]: OPTIONS /v1/tickets/?page=0&q= 204 1ms
2024-09-18T05:23:18.881Z [info]: GET /v1/tickets/?page=0&q= 500 16ms
2024-09-18T05:23:19.597Z [info]: OPTIONS /v1/users/?page=0&q= 204 1ms
2024-09-18T05:23:19.614Z [info]: GET /v1/users/?page=0&q= 500 13ms
2024-09-18T05:23:20.347Z [info]: OPTIONS /v1/purchases/?page=0&q= 204 0ms
2024-09-18T05:23:20.480Z [info]: GET /v1/purchases/?page=0&q= 200 10ms
2024-09-18T05:23:20.810Z [info]: OPTIONS /v1/sales/?page=0&q= 204 1ms
2024-09-18T05:23:20.848Z [info]: GET /v1/sales/?page=0&q= 500 27ms
2024-09-18T05:23:21.361Z [info]: OPTIONS /v1/products/?page=0&q= 204 0ms
2024-09-18T05:23:21.391Z [info]: GET /v1/products/?page=0&q= 500 21ms
2024-09-18T05:23:21.834Z [info]: OPTIONS /v1/stores/?page=0&q= 204 1ms
2024-09-18T05:23:21.882Z [info]: GET /v1/stores/?page=0&q= 200 6ms
2024-09-18T05:23:22.301Z [info]: OPTIONS /v1/sales/?page=0&q= 204 1ms
2024-09-18T05:23:22.428Z [info]: GET /v1/sales/?page=0&q= 500 92ms
2024-09-18T05:23:23.165Z [info]: OPTIONS /v1/stores/?page=0&q= 204 0ms
2024-09-18T05:23:23.178Z [info]: GET /v1/stores/?page=0&q= 200 9ms
2024-09-18T05:23:23.717Z [info]: OPTIONS /v1/dashboard/7 204 1ms
2024-09-18T05:23:23.756Z [info]: GET /v1/dashboard/7 500 28ms
2024-09-18T05:23:26.795Z [info]: OPTIONS /v1/purchases/?page=0&q= 204 0ms
2024-09-18T05:23:26.819Z [info]: GET /v1/purchases/?page=0&q= 200 19ms
2024-09-18T05:23:29.341Z [info]: OPTIONS /v1/stores/?page=0&q= 204 0ms
2024-09-18T05:23:29.351Z [info]: GET /v1/stores/?page=0&q= 200 6ms
2024-09-18T05:23:29.358Z [info]: OPTIONS /v1/providers/?page=0&q= 204 0ms
2024-09-18T05:23:29.372Z [info]: GET /v1/providers/?page=0&q= 200 8ms
2024-09-18T05:23:29.393Z [info]: OPTIONS /v1/products/?page=0&q= 204 2ms
2024-09-18T05:23:29.407Z [info]: GET /v1/products/?page=0&q= 500 12ms
2024-09-18T05:23:31.201Z [info]: OPTIONS /v1/stores/?page=0&q= 204 1ms
2024-09-18T05:23:31.229Z [info]: GET /v1/stores/?page=0&q= 200 14ms
2024-09-18T05:23:32.844Z [info]: OPTIONS /v1/products/?page=0&q= 204 0ms
2024-09-18T05:23:32.863Z [info]: GET /v1/products/?page=0&q= 500 14ms
2024-09-18T05:23:33.760Z [info]: OPTIONS /v1/categories/?page=0&q= 204 1ms
2024-09-18T05:23:33.767Z [info]: GET /v1/categories/?page=0&q= 200 4ms
2024-09-18T05:23:33.776Z [info]: OPTIONS /v1/stores/?page=0&q= 204 0ms
2024-09-18T05:23:33.792Z [info]: GET /v1/stores/?page=0&q= 200 11ms
2024-09-18T05:23:33.802Z [info]: OPTIONS /v1/providers/?page=0&q= 204 1ms
2024-09-18T05:23:33.818Z [info]: GET /v1/providers/?page=0&q= 200 6ms
2024-09-18T05:23:49.000Z [info]: OPTIONS /v1/products 204 1ms
2024-09-18T05:23:49.054Z [info]: POST /v1/products 500 49ms
2024-09-18T05:24:53.974Z [info]: Server is running on port 3333
2024-09-18T05:24:55.764Z [info]: OPTIONS /v1/products 204 6ms
2024-09-18T05:24:56.026Z [info]: POST /v1/products 500 257ms
