2024-09-19T05:20:46.182Z [info]: Server is running on port 3333
2024-09-19T05:20:46.380Z [info]: OPTIONS /login 204 5ms
2024-09-19T05:20:48.123Z [info]: POST /login 400 1741ms
2024-09-19T05:20:53.609Z [info]: POST /login 400 110ms
2024-09-19T05:20:59.338Z [info]: POST /login 400 141ms
2024-09-19T05:21:22.824Z [info]: POST /login 400 192ms
2024-09-19T05:22:15.139Z [info]: POST /login 400 197ms
2024-09-19T05:22:24.632Z [info]: POST /login 400 107ms
2024-09-19T05:22:38.998Z [info]: OPTIONS /login 204 1ms
2024-09-19T05:22:39.225Z [info]: POST /login 400 218ms
2024-09-19T05:23:34.611Z [info]: OPTIONS /login 204 1ms
2024-09-19T05:23:34.816Z [info]: POST /login 400 199ms
2024-09-19T05:24:23.387Z [info]: Server is running on port 3333
2024-09-19T05:24:43.759Z [info]: POST /login 200 214ms
2024-09-19T05:24:43.812Z [info]: OPTIONS /v1/dashboard/7 204 4ms
2024-09-19T05:24:44.134Z [info]: OPTIONS /validate 204 1ms
2024-09-19T05:24:44.156Z [info]: POST /validate 200 8ms
2024-09-19T05:24:44.213Z [info]: GET /v1/dashboard/7 200 17ms
2024-09-19T05:24:48.183Z [info]: OPTIONS /v1/users/?page=0&q= 204 2ms
2024-09-19T05:24:48.212Z [info]: GET /v1/users/?page=0&q= 200 27ms
2024-09-19T05:24:49.510Z [info]: OPTIONS /v1/purchases/?page=0&q= 204 1ms
2024-09-19T05:24:49.575Z [info]: GET /v1/purchases/?page=0&q= 200 56ms
2024-09-19T05:24:50.032Z [info]: OPTIONS /v1/products/?page=0&q= 204 3ms
2024-09-19T05:24:50.059Z [info]: GET /v1/products/?page=0&q= 200 25ms
2024-09-19T05:24:50.494Z [info]: OPTIONS /v1/stores/?page=0&q= 204 1ms
2024-09-19T05:24:50.519Z [info]: GET /v1/stores/?page=0&q= 200 20ms
2024-09-19T05:24:51.066Z [info]: GET /v1/dashboard/7 304 17ms
2024-09-19T05:24:52.476Z [info]: GET /v1/stores/?page=0&q= 304 9ms
2024-09-19T05:24:52.928Z [info]: GET /v1/products/?page=0&q= 304 14ms
2024-09-19T05:24:53.249Z [info]: GET /v1/purchases/?page=0&q= 304 14ms
2024-09-19T05:24:53.533Z [info]: GET /v1/users/?page=0&q= 304 8ms
2024-09-19T05:24:54.232Z [info]: GET /v1/products/?page=0&q= 304 10ms
2024-09-19T05:24:54.616Z [info]: GET /v1/stores/?page=0&q= 304 6ms
2024-09-19T05:24:59.491Z [info]: GET /v1/users/?page=0&q= 304 11ms
2024-09-19T05:25:09.291Z [info]: GET /v1/stores/?page=0&q= 304 8ms
2024-09-19T05:25:14.425Z [info]: GET /v1/stores/?page=0&q= 304 8ms
2024-09-19T05:25:27.607Z [info]: OPTIONS /v1/users/58e46a06-fdb8-4e09-847b-00f98e1e9136 204 1ms
2024-09-19T05:25:27.637Z [info]: PUT /v1/users/58e46a06-fdb8-4e09-847b-00f98e1e9136 200 28ms
2024-09-19T05:25:27.715Z [info]: GET /v1/users/?page=0&q= 200 7ms
2024-09-19T05:25:29.957Z [info]: GET /v1/purchases/?page=0&q= 304 12ms
2024-09-19T05:25:32.053Z [info]: GET /v1/users/?page=0&q= 304 17ms
2024-09-19T05:25:33.412Z [info]: GET /v1/purchases/?page=0&q= 304 16ms
2024-09-19T05:25:35.118Z [info]: GET /v1/users/?page=0&q= 304 8ms
2024-09-19T05:25:43.937Z [info]: POST /login 200 82ms
2024-09-19T05:25:44.157Z [info]: POST /validate 200 15ms
2024-09-19T05:25:44.222Z [info]: GET /v1/dashboard/7 200 15ms
2024-09-19T05:25:45.586Z [info]: GET /v1/users/?page=0&q= 304 7ms
2024-09-19T05:25:55.634Z [info]: GET /v1/stores/?page=0&q= 304 14ms
2024-09-19T05:26:42.367Z [info]: POST /validate 200 5ms
2024-09-19T05:26:42.502Z [info]: GET /v1/users/?page=0&q= 304 9ms
2024-09-19T05:26:43.951Z [info]: GET /v1/purchases/?page=0&q= 304 15ms
2024-09-19T05:26:45.506Z [info]: OPTIONS /v1/sales/?page=0&q= 204 0ms
2024-09-19T05:26:45.544Z [info]: GET /v1/sales/?page=0&q= 200 16ms
2024-09-19T05:26:48.084Z [info]: GET /v1/products/?page=0&q= 304 10ms
2024-09-19T05:26:48.100Z [info]: GET /v1/stores/?page=0&q= 304 6ms
2024-09-19T05:26:48.109Z [info]: OPTIONS /v1/clients/?page=0&q= 204 1ms
2024-09-19T05:26:48.126Z [info]: GET /v1/clients/?page=0&q= 200 15ms
2024-09-19T05:26:48.133Z [info]: OPTIONS /v1/sellers/?page=0&q= 204 1ms
2024-09-19T05:26:48.149Z [info]: GET /v1/sellers/?page=0&q= 200 12ms
2024-09-19T05:26:48.157Z [info]: OPTIONS /v1/carriers/?page=0&q= 204 1ms
2024-09-19T05:26:48.178Z [info]: GET /v1/carriers/?page=0&q= 200 17ms
2024-09-19T05:27:05.749Z [info]: POST /validate 200 3ms
2024-09-19T05:27:06.007Z [info]: GET /v1/sales/?page=0&q= 304 10ms
2024-09-19T05:27:07.494Z [info]: GET /v1/products/?page=0&q= 304 12ms
2024-09-19T05:27:20.936Z [info]: GET /v1/users/?page=0&q= 304 9ms
2024-09-19T05:27:22.733Z [info]: GET /v1/stores/?page=0&q= 304 14ms
2024-09-19T05:27:27.683Z [info]: OPTIONS /v1/users/279a648b-f70c-470f-a7be-f5a9d73e236e 204 1ms
2024-09-19T05:27:27.697Z [info]: PUT /v1/users/279a648b-f70c-470f-a7be-f5a9d73e236e 200 11ms
2024-09-19T05:27:27.845Z [info]: GET /v1/users/?page=0&q= 200 10ms
2024-09-19T05:27:41.531Z [info]: POST /login 200 86ms
2024-09-19T05:27:41.596Z [info]: GET /v1/dashboard/7 200 11ms
2024-09-19T05:27:41.715Z [info]: POST /validate 200 3ms
2024-09-19T05:27:41.794Z [info]: GET /v1/dashboard/7 200 13ms
2024-09-19T05:27:43.128Z [info]: GET /v1/products/?page=0&q= 304 12ms
2024-09-19T05:27:44.913Z [info]: GET /v1/users/?page=0&q= 304 8ms
2024-09-19T05:27:46.082Z [info]: GET /v1/products/?page=0&q= 304 13ms
2024-09-19T05:27:47.244Z [info]: GET /v1/purchases/?page=0&q= 304 13ms
2024-09-19T05:27:47.984Z [info]: GET /v1/users/?page=0&q= 304 8ms
2024-09-19T05:27:49.534Z [info]: GET /v1/dashboard/7 304 7ms
